<?xml version="1.0" encoding="UTF-8"?>
<testsuite xmlns:xsi="http://www.w3.org/2001/XMLSchema-instance" xsi:noNamespaceSchemaLocation="https://maven.apache.org/surefire/maven-surefire-plugin/xsd/surefire-test-report.xsd" name="net.re.AppTest" time="0.004" tests="3" errors="0" skipped="0" failures="2">
  <properties>
[...]
</properties>
  <testcase name="net.re.AppTest.testHelloWorld" classname="net.re.AppTest" time="0.001">
    <failure message="Cannot invoke &quot;java.io.ByteArrayOutputStream.toString()&quot; because &quot;this.testOut&quot; is null" type="java.lang.NullPointerException">java.lang.NullPointerException: Cannot invoke "java.io.ByteArrayOutputStream.toString()" because "this.testOut" is null
	at net.re.AppTest.testHelloWorld(AppTest.java:47)
</failure>
    <system-out><![CDATA[Hello World!
]]></system-out>
  </testcase>
  <testcase name="net.re.AppTest.testScanInputs" classname="net.re.AppTest" time="0.001"/>
  <testcase name="net.re.AppTest.testReadStandardInput" classname="net.re.AppTest" time="0.001">
    <failure message="Cannot invoke &quot;java.io.ByteArrayOutputStream.toString()&quot; because &quot;this.testOut&quot; is null" type="java.lang.NullPointerException">java.lang.NullPointerException: Cannot invoke "java.io.ByteArrayOutputStream.toString()" because "this.testOut" is null
	at net.re.AppTest.testReadStandardInput(AppTest.java:71)
</failure>
    <system-out><![CDATA[Please input 3 integer numbers
1
2
3
]]></system-out>
  </testcase>
</testsuite>